<?xml version="1.0" encoding="UTF-8"?>
<!-- Generated by org.testng.reporters.JUnitXMLReporter -->
<testsuite hostname="Amirouches-MacBook-Pro.local" ignored="3" name="Default test" tests="1" failures="0" timestamp="2022-06-17T11:28:05 PDT" time="9.674" errors="0">
  <testcase name="doSearchItemTest" time="6.412" classname="com.ebay.tests.TestHomePage"/>
  <testcase name="verifyTitle" time="0.0" classname="com.ebay.tests.TestHomePage">
    <ignored/>
  </testcase> <!-- verifyTitle -->
  <testcase name="doSelectSearchCategories" time="0.0" classname="com.ebay.tests.TestHomePage">
    <ignored/>
  </testcase> <!-- doSelectSearchCategories -->
  <testcase name="electronicSelectionTest" time="0.0" classname="com.ebay.tests.TestHomePage">
    <ignored/>
  </testcase> <!-- electronicSelectionTest -->
</testsuite> <!-- Default test -->
