<?xml version="1.0" encoding="UTF-8"?>
<!-- Generated by org.testng.reporters.JUnitXMLReporter -->
<testsuite hostname="Amirouches-MacBook-Pro.local" ignored="0" name="Default test" tests="8" failures="0" timestamp="2022-06-17T11:29:22 PDT" time="59.793" errors="0">
  <testcase name="verifyTitle" time="2.616" classname="com.ebay.tests.TestHomePage"/>
  <testcase name="electronicSelectionTest" time="6.779" classname="com.ebay.tests.TestHomePage"/>
  <testcase name="doSearchItemTest" time="6.483" classname="com.ebay.tests.TestHomePage"/>
  <testcase name="doSelectSearchCategories" time="6.277" classname="com.ebay.tests.TestHomePage"/>
  <testcase name="doSelectSearchCategories" time="5.357" classname="com.ebay.tests.TestHomePage"/>
  <testcase name="doSelectSearchCategories" time="5.198" classname="com.ebay.tests.TestHomePage"/>
  <testcase name="LoginPageTest" time="1.183" classname="com.ebay.tests.LoginPageTest"/>
  <testcase name="registerUser" time="5.76" classname="com.ebay.tests.RegisterPageTest"/>
</testsuite> <!-- Default test -->
