<?xml version="1.0" encoding="UTF-8"?>
<testng-results skipped="0" failed="0" ignored="3" total="4" passed="1">
  <reporter-output>
  </reporter-output>
  <suite name="Default suite" duration-ms="9674" started-at="2022-06-17T11:27:55 PDT" finished-at="2022-06-17T11:28:05 PDT">
    <groups>
    </groups>
    <test name="Default test" duration-ms="9674" started-at="2022-06-17T11:27:55 PDT" finished-at="2022-06-17T11:28:05 PDT">
      <class name="com.ebay.tests.TestHomePage">
        <test-method status="PASS" signature="setUp()[pri:0, instance:com.ebay.tests.TestHomePage@4fb64261]" name="setUp" is-config="true" duration-ms="3023" started-at="2022-06-17T11:27:56 PDT" finished-at="2022-06-17T11:27:59 PDT">
          <reporter-output>
          </reporter-output>
        </test-method> <!-- setUp -->
        <test-method status="PASS" signature="doSearchItemTest()[pri:3, instance:com.ebay.tests.TestHomePage@4fb64261]" name="doSearchItemTest" duration-ms="6412" started-at="2022-06-17T11:27:59 PDT" finished-at="2022-06-17T11:28:05 PDT">
          <reporter-output>
          </reporter-output>
        </test-method> <!-- doSearchItemTest -->
        <test-method status="PASS" signature="tearDown()[pri:0, instance:com.ebay.tests.TestHomePage@4fb64261]" name="tearDown" is-config="true" duration-ms="205" started-at="2022-06-17T11:28:05 PDT" finished-at="2022-06-17T11:28:05 PDT">
          <reporter-output>
          </reporter-output>
        </test-method> <!-- tearDown -->
      </class> <!-- com.ebay.tests.TestHomePage -->
    </test> <!-- Default test -->
  </suite> <!-- Default suite -->
</testng-results>
